# JRE version: OpenJDK Runtime Environment (21.0.5) (build 21.0.5+-13047016-b750.29)
# Java VM: OpenJDK 64-Bit Server VM (21.0.5+-13047016-b750.29, mixed mode, tiered, compressed oops, compressed class ptrs, g1 gc, windows-amd64)
GC Precious Log:
 CardTable entry size: 512
 Card Set container configuration: InlinePtr #cards 5 size 8 Array Of Cards #cards 12 size 40 Howl #buckets 4 coarsen threshold 1843 Howl Bitmap #cards 512 size 80 coarsen threshold 460 Card regions per heap region 1 cards per card region 2048
 CPUs: 24 total, 24 available
 Memory: 16085M
 Large Page Support: Disabled
 NUMA Support: Disabled
 Compressed Oops: Enabled (32-bit)
 Heap Region Size: 1M
 Heap Min Capacity: 8M
 Heap Initial Capacity: 252M
 Heap Max Capacity: 2G
 Pre-touch: Disabled
 Parallel Workers: 18
 Concurrent Workers: 5
 Concurrent Refinement Workers: 18
 Periodic GC: Disabled
Heap:
 garbage-first heap   total 340992K, used 263903K [0x0000000080000000, 0x0000000100000000)
  region size 1024K, 83 young (84992K), 3 survivors (3072K)
 Metaspace       used 174640K, committed 177088K, reserved 1245184K
  class space    used 23251K, committed 24512K, reserved 1048576K
GC Heap History (20 events):
Event: 173.636 GC heap before
{Heap before GC invocations=54 (full 0):
 garbage-first heap   total 314368K, used 277681K [0x0000000080000000, 0x0000000100000000)
  region size 1024K, 118 young (120832K), 7 survivors (7168K)
 Metaspace       used 135773K, committed 138048K, reserved 1179648K
  class space    used 17467K, committed 18624K, reserved 1048576K
}
Event: 173.638 GC heap after
{Heap after GC invocations=55 (full 0):
 garbage-first heap   total 314368K, used 163649K [0x0000000080000000, 0x0000000100000000)
  region size 1024K, 6 young (6144K), 6 survivors (6144K)
 Metaspace       used 135773K, committed 138048K, reserved 1179648K
  class space    used 17467K, committed 18624K, reserved 1048576K
}
Event: 174.070 GC heap before
{Heap before GC invocations=56 (full 0):
 garbage-first heap   total 314368K, used 292673K [0x0000000080000000, 0x0000000100000000)
  region size 1024K, 124 young (126976K), 6 survivors (6144K)
 Metaspace       used 136071K, committed 138304K, reserved 1179648K
  class space    used 17471K, committed 18624K, reserved 1048576K
}
Event: 174.073 GC heap after
{Heap after GC invocations=57 (full 0):
 garbage-first heap   total 314368K, used 151638K [0x0000000080000000, 0x0000000100000000)
  region size 1024K, 13 young (13312K), 13 survivors (13312K)
 Metaspace       used 136071K, committed 138304K, reserved 1179648K
  class space    used 17471K, committed 18624K, reserved 1048576K
}
Event: 175.348 GC heap before
{Heap before GC invocations=57 (full 0):
 garbage-first heap   total 314368K, used 277590K [0x0000000080000000, 0x0000000100000000)
  region size 1024K, 137 young (140288K), 13 survivors (13312K)
 Metaspace       used 137921K, committed 140160K, reserved 1179648K
  class space    used 17682K, committed 18816K, reserved 1048576K
}
Event: 175.355 GC heap after
{Heap after GC invocations=58 (full 0):
 garbage-first heap   total 314368K, used 143292K [0x0000000080000000, 0x0000000100000000)
  region size 1024K, 18 young (18432K), 18 survivors (18432K)
 Metaspace       used 137921K, committed 140160K, reserved 1179648K
  class space    used 17682K, committed 18816K, reserved 1048576K
}
Event: 175.771 GC heap before
{Heap before GC invocations=58 (full 0):
 garbage-first heap   total 314368K, used 187324K [0x0000000080000000, 0x0000000100000000)
  region size 1024K, 63 young (64512K), 18 survivors (18432K)
 Metaspace       used 145659K, committed 147904K, reserved 1179648K
  class space    used 18613K, committed 19776K, reserved 1048576K
}
Event: 175.776 GC heap after
{Heap after GC invocations=59 (full 0):
 garbage-first heap   total 314368K, used 151270K [0x0000000080000000, 0x0000000100000000)
  region size 1024K, 7 young (7168K), 7 survivors (7168K)
 Metaspace       used 145659K, committed 147904K, reserved 1179648K
  class space    used 18613K, committed 19776K, reserved 1048576K
}
Event: 176.718 GC heap before
{Heap before GC invocations=60 (full 0):
 garbage-first heap   total 314368K, used 275174K [0x0000000080000000, 0x0000000100000000)
  region size 1024K, 127 young (130048K), 7 survivors (7168K)
 Metaspace       used 150755K, committed 153024K, reserved 1245184K
  class space    used 19222K, committed 20352K, reserved 1048576K
}
Event: 176.722 GC heap after
{Heap after GC invocations=61 (full 0):
 garbage-first heap   total 314368K, used 151543K [0x0000000080000000, 0x0000000100000000)
  region size 1024K, 7 young (7168K), 7 survivors (7168K)
 Metaspace       used 150755K, committed 153024K, reserved 1245184K
  class space    used 19222K, committed 20352K, reserved 1048576K
}
Event: 177.295 GC heap before
{Heap before GC invocations=61 (full 0):
 garbage-first heap   total 314368K, used 279543K [0x0000000080000000, 0x0000000100000000)
  region size 1024K, 133 young (136192K), 7 survivors (7168K)
 Metaspace       used 165405K, committed 167680K, reserved 1245184K
  class space    used 21836K, committed 22976K, reserved 1048576K
}
Event: 177.302 GC heap after
{Heap after GC invocations=62 (full 0):
 garbage-first heap   total 314368K, used 147704K [0x0000000080000000, 0x0000000100000000)
  region size 1024K, 17 young (17408K), 17 survivors (17408K)
 Metaspace       used 165405K, committed 167680K, reserved 1245184K
  class space    used 21836K, committed 22976K, reserved 1048576K
}
Event: 177.499 GC heap before
{Heap before GC invocations=62 (full 0):
 garbage-first heap   total 314368K, used 223480K [0x0000000080000000, 0x0000000100000000)
  region size 1024K, 93 young (95232K), 17 survivors (17408K)
 Metaspace       used 170294K, committed 172672K, reserved 1245184K
  class space    used 22610K, committed 23808K, reserved 1048576K
}
Event: 177.503 GC heap after
{Heap after GC invocations=63 (full 0):
 garbage-first heap   total 314368K, used 144877K [0x0000000080000000, 0x0000000100000000)
  region size 1024K, 4 young (4096K), 4 survivors (4096K)
 Metaspace       used 170294K, committed 172672K, reserved 1245184K
  class space    used 22610K, committed 23808K, reserved 1048576K
}
Event: 318.698 GC heap before
{Heap before GC invocations=64 (full 0):
 garbage-first heap   total 314368K, used 311789K [0x0000000080000000, 0x0000000100000000)
  region size 1024K, 135 young (138240K), 4 survivors (4096K)
 Metaspace       used 174110K, committed 176576K, reserved 1245184K
  class space    used 23257K, committed 24512K, reserved 1048576K
}
Event: 318.702 GC heap after
{Heap after GC invocations=65 (full 0):
 garbage-first heap   total 319488K, used 146379K [0x0000000080000000, 0x0000000100000000)
  region size 1024K, 6 young (6144K), 6 survivors (6144K)
 Metaspace       used 174110K, committed 176576K, reserved 1245184K
  class space    used 23257K, committed 24512K, reserved 1048576K
}
Event: 320.489 GC heap before
{Heap before GC invocations=65 (full 0):
 garbage-first heap   total 319488K, used 317387K [0x0000000080000000, 0x0000000100000000)
  region size 1024K, 146 young (149504K), 6 survivors (6144K)
 Metaspace       used 174434K, committed 176896K, reserved 1245184K
  class space    used 23260K, committed 24512K, reserved 1048576K
}
Event: 320.495 GC heap after
{Heap after GC invocations=66 (full 0):
 garbage-first heap   total 340992K, used 155085K [0x0000000080000000, 0x0000000100000000)
  region size 1024K, 17 young (17408K), 17 survivors (17408K)
 Metaspace       used 174434K, committed 176896K, reserved 1245184K
  class space    used 23260K, committed 24512K, reserved 1048576K
}
Event: 320.586 GC heap before
{Heap before GC invocations=66 (full 0):
 garbage-first heap   total 340992K, used 187853K [0x0000000080000000, 0x0000000100000000)
  region size 1024K, 51 young (52224K), 17 survivors (17408K)
 Metaspace       used 174498K, committed 176960K, reserved 1245184K
  class space    used 23260K, committed 24512K, reserved 1048576K
}
Event: 320.591 GC heap after
{Heap after GC invocations=67 (full 0):
 garbage-first heap   total 340992K, used 156383K [0x0000000080000000, 0x0000000100000000)
  region size 1024K, 3 young (3072K), 3 survivors (3072K)
 Metaspace       used 174498K, committed 176960K, reserved 1245184K
  class space    used 23260K, committed 24512K, reserved 1048576K
}

